<?xml version="1.0" encoding="UTF-8"?>
<ns2:test-suite xmlns:ns2="urn:model.allure.qatools.yandex.ru" start="1501000190480" stop="1501000191043">
	<name>Profile Smoke Tests</name>
	<title>Profile Smoke Tests</title>
	<test-cases>
		<test-case start="1501000190480" stop="1501000190753" status="failed">
			<name>checks the page url</name>
			<title>checks the page url</title>
			<description></description>
			<labels>
			</labels>
			<parameters>
			</parameters>
			<steps>
			</steps>
			<attachments>
				<attachment title="Screenshot" source="3f456c59-8fd8-4ba6-992a-4bbbffb0a92e-attachment.png" type="image/png" size="45910"/>
			</attachments>
			<failure>
				<message>Expected &apos;https://myswaastherp.sia.co.in/#/home&apos; to equal &apos;https://myswaastherp.sia.co.in/#/home/profile&apos;.</message>
				<stack-trace>Error: Failed expectation
    at checkPageLoaded.checkPageURL (/Users/zac01/Documents/protractor/myswaastherp/Profile/verifyProfileDetails.js:12:41)
    at Object.it (/Users/zac01/Documents/protractor/myswaastherp/Specs/signup-success.spec.js:557:18)
    at /usr/local/lib/node_modules/protractor/node_modules/jasminewd2/index.js:112:25
    at new ManagedPromise (/usr/local/lib/node_modules/protractor/node_modules/selenium-webdriver/lib/promise.js:1067:7)
    at ControlFlow.promise (/usr/local/lib/node_modules/protractor/node_modules/selenium-webdriver/lib/promise.js:2396:12)
    at schedulerExecute (/usr/local/lib/node_modules/protractor/node_modules/jasminewd2/index.js:95:18)
    at TaskQueue.execute_ (/usr/local/lib/node_modules/protractor/node_modules/selenium-webdriver/lib/promise.js:2970:14)
    at TaskQueue.executeNext_ (/usr/local/lib/node_modules/protractor/node_modules/selenium-webdriver/lib/promise.js:2953:27)
    at asyncRun (/usr/local/lib/node_modules/protractor/node_modules/selenium-webdriver/lib/promise.js:2860:25)</stack-trace>
			</failure>
		</test-case>
		<test-case start="1501000190754" stop="1501000191042" status="failed">
			<name>checks the Image loaded</name>
			<title>checks the Image loaded</title>
			<description></description>
			<labels>
			</labels>
			<parameters>
			</parameters>
			<steps>
			</steps>
			<attachments>
				<attachment title="Screenshot" source="06a091e3-9c4c-4006-8512-494da58ae446-attachment.png" type="image/png" size="45910"/>
			</attachments>
			<failure>
				<message>Expected 1 to be 0.</message>
				<stack-trace>Error: Failed expectation
    at /Users/zac01/Documents/protractor/myswaastherp/BaseFunctionsPage/checkImageLoaded.js:18:34
    at ManagedPromise.invokeCallback_ (/usr/local/lib/node_modules/protractor/node_modules/selenium-webdriver/lib/promise.js:1366:14)
    at TaskQueue.execute_ (/usr/local/lib/node_modules/protractor/node_modules/selenium-webdriver/lib/promise.js:2970:14)
    at TaskQueue.executeNext_ (/usr/local/lib/node_modules/protractor/node_modules/selenium-webdriver/lib/promise.js:2953:27)
    at asyncRun (/usr/local/lib/node_modules/protractor/node_modules/selenium-webdriver/lib/promise.js:2813:27)
    at /usr/local/lib/node_modules/protractor/node_modules/selenium-webdriver/lib/promise.js:676:7
    at process._tickCallback (internal/process/next_tick.js:109:7)</stack-trace>
			</failure>
		</test-case>
	</test-cases>
</ns2:test-suite>