<?xml version="1.0" encoding="UTF-8"?>
<ns2:test-suite xmlns:ns2="urn:model.allure.qatools.yandex.ru" start="1502522361869" stop="1502522362813">
	<name>Content Heading</name>
	<title>Content Heading</title>
	<test-cases>
		<test-case start="1502522361869" stop="1502522362194" status="failed">
			<name>checks if content header is displayed</name>
			<title>checks if content header is displayed</title>
			<description></description>
			<labels>
			</labels>
			<parameters>
			</parameters>
			<steps>
			</steps>
			<attachments>
				<attachment title="Screenshot" source="c84b45b8-92fb-434d-9474-ca14eb465c21-attachment.png" type="image/png" size="3826"/>
			</attachments>
			<failure>
				<message>Failed: No element found using locator: By(css selector, p.heading-top)</message>
				<stack-trace>NoSuchElementError: No element found using locator: By(css selector, p.heading-top)
    at elementArrayFinder.getWebElements.then (/usr/local/lib/node_modules/protractor/lib/element.ts:851:17)
    at ManagedPromise.invokeCallback_ (/usr/local/lib/node_modules/protractor/node_modules/selenium-webdriver/lib/promise.js:1366:14)
    at TaskQueue.execute_ (/usr/local/lib/node_modules/protractor/node_modules/selenium-webdriver/lib/promise.js:2970:14)
    at TaskQueue.executeNext_ (/usr/local/lib/node_modules/protractor/node_modules/selenium-webdriver/lib/promise.js:2953:27)
    at asyncRun (/usr/local/lib/node_modules/protractor/node_modules/selenium-webdriver/lib/promise.js:2813:27)
    at /usr/local/lib/node_modules/protractor/node_modules/selenium-webdriver/lib/promise.js:676:7
    at &lt;anonymous&gt;
    at process._tickCallback (internal/process/next_tick.js:188:7)Error
    at ElementArrayFinder.applyAction_ (/usr/local/lib/node_modules/protractor/lib/element.ts:482:23)
    at ElementArrayFinder.(anonymous function).args [as isDisplayed] (/usr/local/lib/node_modules/protractor/lib/element.ts:96:21)
    at ElementFinder.(anonymous function).args [as isDisplayed] (/usr/local/lib/node_modules/protractor/lib/element.ts:873:14)
    at signUpOthersHeading.headingTopDisplayed (/Users/zac01/Documents/protractor/myswaastherp/SignUp/signup-other.js:79:33)
    at Object.it (/Users/zac01/Documents/protractor/myswaastherp/Specs/signup-success.spec.js:167:21)
    at /usr/local/lib/node_modules/protractor/node_modules/jasminewd2/index.js:112:25
    at new ManagedPromise (/usr/local/lib/node_modules/protractor/node_modules/selenium-webdriver/lib/promise.js:1067:7)
    at ControlFlow.promise (/usr/local/lib/node_modules/protractor/node_modules/selenium-webdriver/lib/promise.js:2396:12)
    at schedulerExecute (/usr/local/lib/node_modules/protractor/node_modules/jasminewd2/index.js:95:18)
    at TaskQueue.execute_ (/usr/local/lib/node_modules/protractor/node_modules/selenium-webdriver/lib/promise.js:2970:14)
From: Task: Run it(&quot;checks if content header is displayed&quot;) in control flow
    at Object.&lt;anonymous&gt; (/usr/local/lib/node_modules/protractor/node_modules/jasminewd2/index.js:94:19)
    at attemptAsync (/usr/local/lib/node_modules/protractor/node_modules/jasmine-core/lib/jasmine-core/jasmine.js:3945:24)
    at QueueRunner.run (/usr/local/lib/node_modules/protractor/node_modules/jasmine-core/lib/jasmine-core/jasmine.js:3884:9)
    at QueueRunner.execute (/usr/local/lib/node_modules/protractor/node_modules/jasmine-core/lib/jasmine-core/jasmine.js:3872:10)
    at Spec.queueRunnerFactory (/usr/local/lib/node_modules/protractor/node_modules/jasmine-core/lib/jasmine-core/jasmine.js:816:35)
    at Spec.execute (/usr/local/lib/node_modules/protractor/node_modules/jasmine-core/lib/jasmine-core/jasmine.js:473:10)
    at Object.fn (/usr/local/lib/node_modules/protractor/node_modules/jasmine-core/lib/jasmine-core/jasmine.js:4975:37)
    at attemptAsync (/usr/local/lib/node_modules/protractor/node_modules/jasmine-core/lib/jasmine-core/jasmine.js:3945:24)
    at QueueRunner.run (/usr/local/lib/node_modules/protractor/node_modules/jasmine-core/lib/jasmine-core/jasmine.js:3884:9)
    at QueueRunner.execute (/usr/local/lib/node_modules/protractor/node_modules/jasmine-core/lib/jasmine-core/jasmine.js:3872:10)
From asynchronous test: 
Error
    at Suite.describe (/Users/zac01/Documents/protractor/myswaastherp/Specs/signup-success.spec.js:166:5)
    at addSpecsToSuite (/usr/local/lib/node_modules/protractor/node_modules/jasmine-core/lib/jasmine-core/jasmine.js:994:25)
    at Env.describe (/usr/local/lib/node_modules/protractor/node_modules/jasmine-core/lib/jasmine-core/jasmine.js:961:7)
    at describe (/usr/local/lib/node_modules/protractor/node_modules/jasmine-core/lib/jasmine-core/jasmine.js:4031:18)
    at Object.&lt;anonymous&gt; (/Users/zac01/Documents/protractor/myswaastherp/Specs/signup-success.spec.js:164:1)
    at Module._compile (module.js:569:30)
    at Object.Module._extensions..js (module.js:580:10)
    at Module.load (module.js:503:32)
    at tryModuleLoad (module.js:466:12)</stack-trace>
			</failure>
		</test-case>
		<test-case start="1502522362194" stop="1502522362514" status="failed">
			<name>checks if the content header part 1 is displayed</name>
			<title>checks if the content header part 1 is displayed</title>
			<description></description>
			<labels>
			</labels>
			<parameters>
			</parameters>
			<steps>
			</steps>
			<attachments>
				<attachment title="Screenshot" source="e5eb21cb-59bc-4e38-aa50-b67cb6f8de86-attachment.png" type="image/png" size="3826"/>
			</attachments>
			<failure>
				<message>Failed: No element found using locator: By(xpath, //div[@class=&apos;ui-g-12 heading-container&apos;]/p[1])</message>
				<stack-trace>NoSuchElementError: No element found using locator: By(xpath, //div[@class=&apos;ui-g-12 heading-container&apos;]/p[1])
    at elementArrayFinder.getWebElements.then (/usr/local/lib/node_modules/protractor/lib/element.ts:851:17)
    at ManagedPromise.invokeCallback_ (/usr/local/lib/node_modules/protractor/node_modules/selenium-webdriver/lib/promise.js:1366:14)
    at TaskQueue.execute_ (/usr/local/lib/node_modules/protractor/node_modules/selenium-webdriver/lib/promise.js:2970:14)
    at TaskQueue.executeNext_ (/usr/local/lib/node_modules/protractor/node_modules/selenium-webdriver/lib/promise.js:2953:27)
    at asyncRun (/usr/local/lib/node_modules/protractor/node_modules/selenium-webdriver/lib/promise.js:2813:27)
    at /usr/local/lib/node_modules/protractor/node_modules/selenium-webdriver/lib/promise.js:676:7
    at &lt;anonymous&gt;
    at process._tickCallback (internal/process/next_tick.js:188:7)Error
    at ElementArrayFinder.applyAction_ (/usr/local/lib/node_modules/protractor/lib/element.ts:482:23)
    at ElementArrayFinder.(anonymous function).args [as isDisplayed] (/usr/local/lib/node_modules/protractor/lib/element.ts:96:21)
    at ElementFinder.(anonymous function).args [as isDisplayed] (/usr/local/lib/node_modules/protractor/lib/element.ts:873:14)
    at signUpOthersHeading.contentDisplayed1 (/Users/zac01/Documents/protractor/myswaastherp/SignUp/signup-other.js:84:35)
    at Object.it (/Users/zac01/Documents/protractor/myswaastherp/Specs/signup-success.spec.js:171:21)
    at /usr/local/lib/node_modules/protractor/node_modules/jasminewd2/index.js:112:25
    at new ManagedPromise (/usr/local/lib/node_modules/protractor/node_modules/selenium-webdriver/lib/promise.js:1067:7)
    at ControlFlow.promise (/usr/local/lib/node_modules/protractor/node_modules/selenium-webdriver/lib/promise.js:2396:12)
    at schedulerExecute (/usr/local/lib/node_modules/protractor/node_modules/jasminewd2/index.js:95:18)
    at TaskQueue.execute_ (/usr/local/lib/node_modules/protractor/node_modules/selenium-webdriver/lib/promise.js:2970:14)
From: Task: Run it(&quot;checks if the content header part 1 is displayed&quot;) in control flow
    at Object.&lt;anonymous&gt; (/usr/local/lib/node_modules/protractor/node_modules/jasminewd2/index.js:94:19)
    at attemptAsync (/usr/local/lib/node_modules/protractor/node_modules/jasmine-core/lib/jasmine-core/jasmine.js:3945:24)
    at QueueRunner.run (/usr/local/lib/node_modules/protractor/node_modules/jasmine-core/lib/jasmine-core/jasmine.js:3884:9)
    at QueueRunner.execute (/usr/local/lib/node_modules/protractor/node_modules/jasmine-core/lib/jasmine-core/jasmine.js:3872:10)
    at Spec.queueRunnerFactory (/usr/local/lib/node_modules/protractor/node_modules/jasmine-core/lib/jasmine-core/jasmine.js:816:35)
    at Spec.execute (/usr/local/lib/node_modules/protractor/node_modules/jasmine-core/lib/jasmine-core/jasmine.js:473:10)
    at Object.fn (/usr/local/lib/node_modules/protractor/node_modules/jasmine-core/lib/jasmine-core/jasmine.js:4975:37)
    at attemptAsync (/usr/local/lib/node_modules/protractor/node_modules/jasmine-core/lib/jasmine-core/jasmine.js:3945:24)
    at QueueRunner.run (/usr/local/lib/node_modules/protractor/node_modules/jasmine-core/lib/jasmine-core/jasmine.js:3884:9)
    at /usr/local/lib/node_modules/protractor/node_modules/jasmine-core/lib/jasmine-core/jasmine.js:3924:18
From asynchronous test: 
Error
    at Suite.describe (/Users/zac01/Documents/protractor/myswaastherp/Specs/signup-success.spec.js:170:5)
    at addSpecsToSuite (/usr/local/lib/node_modules/protractor/node_modules/jasmine-core/lib/jasmine-core/jasmine.js:994:25)
    at Env.describe (/usr/local/lib/node_modules/protractor/node_modules/jasmine-core/lib/jasmine-core/jasmine.js:961:7)
    at describe (/usr/local/lib/node_modules/protractor/node_modules/jasmine-core/lib/jasmine-core/jasmine.js:4031:18)
    at Object.&lt;anonymous&gt; (/Users/zac01/Documents/protractor/myswaastherp/Specs/signup-success.spec.js:164:1)
    at Module._compile (module.js:569:30)
    at Object.Module._extensions..js (module.js:580:10)
    at Module.load (module.js:503:32)
    at tryModuleLoad (module.js:466:12)</stack-trace>
			</failure>
		</test-case>
		<test-case start="1502522362514" stop="1502522362812" status="failed">
			<name>checks if the content header part 2 is displayed</name>
			<title>checks if the content header part 2 is displayed</title>
			<description></description>
			<labels>
			</labels>
			<parameters>
			</parameters>
			<steps>
			</steps>
			<attachments>
				<attachment title="Screenshot" source="22a47359-7a05-44f1-94cd-809254ed5a94-attachment.png" type="image/png" size="3826"/>
			</attachments>
			<failure>
				<message>Failed: No element found using locator: By(xpath, //div[@class=&apos;ui-g-12 heading-container&apos;]/p[2])</message>
				<stack-trace>NoSuchElementError: No element found using locator: By(xpath, //div[@class=&apos;ui-g-12 heading-container&apos;]/p[2])
    at elementArrayFinder.getWebElements.then (/usr/local/lib/node_modules/protractor/lib/element.ts:851:17)
    at ManagedPromise.invokeCallback_ (/usr/local/lib/node_modules/protractor/node_modules/selenium-webdriver/lib/promise.js:1366:14)
    at TaskQueue.execute_ (/usr/local/lib/node_modules/protractor/node_modules/selenium-webdriver/lib/promise.js:2970:14)
    at TaskQueue.executeNext_ (/usr/local/lib/node_modules/protractor/node_modules/selenium-webdriver/lib/promise.js:2953:27)
    at asyncRun (/usr/local/lib/node_modules/protractor/node_modules/selenium-webdriver/lib/promise.js:2813:27)
    at /usr/local/lib/node_modules/protractor/node_modules/selenium-webdriver/lib/promise.js:676:7
    at &lt;anonymous&gt;
    at process._tickCallback (internal/process/next_tick.js:188:7)Error
    at ElementArrayFinder.applyAction_ (/usr/local/lib/node_modules/protractor/lib/element.ts:482:23)
    at ElementArrayFinder.(anonymous function).args [as isDisplayed] (/usr/local/lib/node_modules/protractor/lib/element.ts:96:21)
    at ElementFinder.(anonymous function).args [as isDisplayed] (/usr/local/lib/node_modules/protractor/lib/element.ts:873:14)
    at signUpOthersHeading.contentDisplayed2 (/Users/zac01/Documents/protractor/myswaastherp/SignUp/signup-other.js:89:36)
    at Object.it (/Users/zac01/Documents/protractor/myswaastherp/Specs/signup-success.spec.js:175:21)
    at /usr/local/lib/node_modules/protractor/node_modules/jasminewd2/index.js:112:25
    at new ManagedPromise (/usr/local/lib/node_modules/protractor/node_modules/selenium-webdriver/lib/promise.js:1067:7)
    at ControlFlow.promise (/usr/local/lib/node_modules/protractor/node_modules/selenium-webdriver/lib/promise.js:2396:12)
    at schedulerExecute (/usr/local/lib/node_modules/protractor/node_modules/jasminewd2/index.js:95:18)
    at TaskQueue.execute_ (/usr/local/lib/node_modules/protractor/node_modules/selenium-webdriver/lib/promise.js:2970:14)
From: Task: Run it(&quot;checks if the content header part 2 is displayed&quot;) in control flow
    at Object.&lt;anonymous&gt; (/usr/local/lib/node_modules/protractor/node_modules/jasminewd2/index.js:94:19)
    at attemptAsync (/usr/local/lib/node_modules/protractor/node_modules/jasmine-core/lib/jasmine-core/jasmine.js:3945:24)
    at QueueRunner.run (/usr/local/lib/node_modules/protractor/node_modules/jasmine-core/lib/jasmine-core/jasmine.js:3884:9)
    at QueueRunner.execute (/usr/local/lib/node_modules/protractor/node_modules/jasmine-core/lib/jasmine-core/jasmine.js:3872:10)
    at Spec.queueRunnerFactory (/usr/local/lib/node_modules/protractor/node_modules/jasmine-core/lib/jasmine-core/jasmine.js:816:35)
    at Spec.execute (/usr/local/lib/node_modules/protractor/node_modules/jasmine-core/lib/jasmine-core/jasmine.js:473:10)
    at Object.fn (/usr/local/lib/node_modules/protractor/node_modules/jasmine-core/lib/jasmine-core/jasmine.js:4975:37)
    at attemptAsync (/usr/local/lib/node_modules/protractor/node_modules/jasmine-core/lib/jasmine-core/jasmine.js:3945:24)
    at QueueRunner.run (/usr/local/lib/node_modules/protractor/node_modules/jasmine-core/lib/jasmine-core/jasmine.js:3884:9)
    at /usr/local/lib/node_modules/protractor/node_modules/jasmine-core/lib/jasmine-core/jasmine.js:3924:18
From asynchronous test: 
Error
    at Suite.describe (/Users/zac01/Documents/protractor/myswaastherp/Specs/signup-success.spec.js:174:5)
    at addSpecsToSuite (/usr/local/lib/node_modules/protractor/node_modules/jasmine-core/lib/jasmine-core/jasmine.js:994:25)
    at Env.describe (/usr/local/lib/node_modules/protractor/node_modules/jasmine-core/lib/jasmine-core/jasmine.js:961:7)
    at describe (/usr/local/lib/node_modules/protractor/node_modules/jasmine-core/lib/jasmine-core/jasmine.js:4031:18)
    at Object.&lt;anonymous&gt; (/Users/zac01/Documents/protractor/myswaastherp/Specs/signup-success.spec.js:164:1)
    at Module._compile (module.js:569:30)
    at Object.Module._extensions..js (module.js:580:10)
    at Module.load (module.js:503:32)
    at tryModuleLoad (module.js:466:12)</stack-trace>
			</failure>
		</test-case>
	</test-cases>
</ns2:test-suite>