<?xml version="1.0" encoding="UTF-8"?>
<ns2:test-suite xmlns:ns2="urn:model.allure.qatools.yandex.ru" start="1498721645466" stop="1498721647431">
	<name>Profile UI Tests</name>
	<title>Profile UI Tests</title>
	<test-cases>
		<test-case start="1498721645466" stop="1498721645820" status="failed">
			<name>checks navbar displayed</name>
			<title>checks navbar displayed</title>
			<description></description>
			<labels>
			</labels>
			<parameters>
			</parameters>
			<steps>
			</steps>
			<attachments>
				<attachment title="Screenshot" source="85a85e50-7537-4d26-9c2b-9f6ebe78f521-attachment.png" type="image/png" size="20489"/>
			</attachments>
			<failure>
				<message>Failed: No element found using locator: By(css selector, div.navbar)</message>
				<stack-trace>NoSuchElementError: No element found using locator: By(css selector, div.navbar)
    at elementArrayFinder.getWebElements.then (/usr/local/lib/node_modules/protractor/lib/element.ts:851:17)
    at ManagedPromise.invokeCallback_ (/usr/local/lib/node_modules/protractor/node_modules/selenium-webdriver/lib/promise.js:1366:14)
    at TaskQueue.execute_ (/usr/local/lib/node_modules/protractor/node_modules/selenium-webdriver/lib/promise.js:2970:14)
    at TaskQueue.executeNext_ (/usr/local/lib/node_modules/protractor/node_modules/selenium-webdriver/lib/promise.js:2953:27)
    at asyncRun (/usr/local/lib/node_modules/protractor/node_modules/selenium-webdriver/lib/promise.js:2813:27)
    at /usr/local/lib/node_modules/protractor/node_modules/selenium-webdriver/lib/promise.js:676:7
    at process._tickCallback (internal/process/next_tick.js:109:7)Error
    at ElementArrayFinder.applyAction_ (/usr/local/lib/node_modules/protractor/lib/element.ts:482:23)
    at ElementArrayFinder.(anonymous function).args [as isDisplayed] (/usr/local/lib/node_modules/protractor/lib/element.ts:96:21)
    at ElementFinder.(anonymous function).args [as isDisplayed] (/usr/local/lib/node_modules/protractor/lib/element.ts:873:14)
    at CheckDivsInPage.checkNavbarDisplayed (/Users/zac01/Documents/protractor/myswaastherp/Profile/verifyProfileDetails.js:31:29)
    at Object.it (/Users/zac01/Documents/protractor/myswaastherp/Specs/signup-success.spec.js:549:18)
    at /usr/local/lib/node_modules/protractor/node_modules/jasminewd2/index.js:112:25
    at new ManagedPromise (/usr/local/lib/node_modules/protractor/node_modules/selenium-webdriver/lib/promise.js:1067:7)
    at ControlFlow.promise (/usr/local/lib/node_modules/protractor/node_modules/selenium-webdriver/lib/promise.js:2396:12)
    at schedulerExecute (/usr/local/lib/node_modules/protractor/node_modules/jasminewd2/index.js:95:18)
    at TaskQueue.execute_ (/usr/local/lib/node_modules/protractor/node_modules/selenium-webdriver/lib/promise.js:2970:14)
From: Task: Run it(&quot;checks navbar displayed&quot;) in control flow
    at Object.&lt;anonymous&gt; (/usr/local/lib/node_modules/protractor/node_modules/jasminewd2/index.js:94:19)
    at attemptAsync (/usr/local/lib/node_modules/protractor/node_modules/jasmine-core/lib/jasmine-core/jasmine.js:3945:24)
    at QueueRunner.run (/usr/local/lib/node_modules/protractor/node_modules/jasmine-core/lib/jasmine-core/jasmine.js:3884:9)
    at QueueRunner.execute (/usr/local/lib/node_modules/protractor/node_modules/jasmine-core/lib/jasmine-core/jasmine.js:3872:10)
    at Spec.queueRunnerFactory (/usr/local/lib/node_modules/protractor/node_modules/jasmine-core/lib/jasmine-core/jasmine.js:816:35)
    at Spec.execute (/usr/local/lib/node_modules/protractor/node_modules/jasmine-core/lib/jasmine-core/jasmine.js:473:10)
    at Object.fn (/usr/local/lib/node_modules/protractor/node_modules/jasmine-core/lib/jasmine-core/jasmine.js:4975:37)
    at attemptAsync (/usr/local/lib/node_modules/protractor/node_modules/jasmine-core/lib/jasmine-core/jasmine.js:3945:24)
    at QueueRunner.run (/usr/local/lib/node_modules/protractor/node_modules/jasmine-core/lib/jasmine-core/jasmine.js:3884:9)
    at QueueRunner.execute (/usr/local/lib/node_modules/protractor/node_modules/jasmine-core/lib/jasmine-core/jasmine.js:3872:10)
From asynchronous test: 
Error
    at Suite.describe (/Users/zac01/Documents/protractor/myswaastherp/Specs/signup-success.spec.js:548:5)
    at addSpecsToSuite (/usr/local/lib/node_modules/protractor/node_modules/jasmine-core/lib/jasmine-core/jasmine.js:994:25)
    at Env.describe (/usr/local/lib/node_modules/protractor/node_modules/jasmine-core/lib/jasmine-core/jasmine.js:961:7)
    at describe (/usr/local/lib/node_modules/protractor/node_modules/jasmine-core/lib/jasmine-core/jasmine.js:4031:18)
    at Object.&lt;anonymous&gt; (/Users/zac01/Documents/protractor/myswaastherp/Specs/signup-success.spec.js:546:1)
    at Module._compile (module.js:571:32)
    at Object.Module._extensions..js (module.js:580:10)
    at Module.load (module.js:488:32)
    at tryModuleLoad (module.js:447:12)</stack-trace>
			</failure>
		</test-case>
		<test-case start="1498721645820" stop="1498721646147" status="failed">
			<name>checks sidebar displayed</name>
			<title>checks sidebar displayed</title>
			<description></description>
			<labels>
			</labels>
			<parameters>
			</parameters>
			<steps>
			</steps>
			<attachments>
				<attachment title="Screenshot" source="23cecc39-ee2c-4726-914f-f3ffa1c543ed-attachment.png" type="image/png" size="20489"/>
			</attachments>
			<failure>
				<message>Failed: No element found using locator: By(css selector, nav.cd-side-nav.is-fixed)</message>
				<stack-trace>NoSuchElementError: No element found using locator: By(css selector, nav.cd-side-nav.is-fixed)
    at elementArrayFinder.getWebElements.then (/usr/local/lib/node_modules/protractor/lib/element.ts:851:17)
    at ManagedPromise.invokeCallback_ (/usr/local/lib/node_modules/protractor/node_modules/selenium-webdriver/lib/promise.js:1366:14)
    at TaskQueue.execute_ (/usr/local/lib/node_modules/protractor/node_modules/selenium-webdriver/lib/promise.js:2970:14)
    at TaskQueue.executeNext_ (/usr/local/lib/node_modules/protractor/node_modules/selenium-webdriver/lib/promise.js:2953:27)
    at asyncRun (/usr/local/lib/node_modules/protractor/node_modules/selenium-webdriver/lib/promise.js:2813:27)
    at /usr/local/lib/node_modules/protractor/node_modules/selenium-webdriver/lib/promise.js:676:7
    at process._tickCallback (internal/process/next_tick.js:109:7)Error
    at ElementArrayFinder.applyAction_ (/usr/local/lib/node_modules/protractor/lib/element.ts:482:23)
    at ElementArrayFinder.(anonymous function).args [as isDisplayed] (/usr/local/lib/node_modules/protractor/lib/element.ts:96:21)
    at ElementFinder.(anonymous function).args [as isDisplayed] (/usr/local/lib/node_modules/protractor/lib/element.ts:873:14)
    at CheckDivsInPage.checkSidebarDisplayed (/Users/zac01/Documents/protractor/myswaastherp/Profile/verifyProfileDetails.js:36:29)
    at Object.it (/Users/zac01/Documents/protractor/myswaastherp/Specs/signup-success.spec.js:553:18)
    at /usr/local/lib/node_modules/protractor/node_modules/jasminewd2/index.js:112:25
    at new ManagedPromise (/usr/local/lib/node_modules/protractor/node_modules/selenium-webdriver/lib/promise.js:1067:7)
    at ControlFlow.promise (/usr/local/lib/node_modules/protractor/node_modules/selenium-webdriver/lib/promise.js:2396:12)
    at schedulerExecute (/usr/local/lib/node_modules/protractor/node_modules/jasminewd2/index.js:95:18)
    at TaskQueue.execute_ (/usr/local/lib/node_modules/protractor/node_modules/selenium-webdriver/lib/promise.js:2970:14)
From: Task: Run it(&quot;checks sidebar displayed&quot;) in control flow
    at Object.&lt;anonymous&gt; (/usr/local/lib/node_modules/protractor/node_modules/jasminewd2/index.js:94:19)
    at attemptAsync (/usr/local/lib/node_modules/protractor/node_modules/jasmine-core/lib/jasmine-core/jasmine.js:3945:24)
    at QueueRunner.run (/usr/local/lib/node_modules/protractor/node_modules/jasmine-core/lib/jasmine-core/jasmine.js:3884:9)
    at QueueRunner.execute (/usr/local/lib/node_modules/protractor/node_modules/jasmine-core/lib/jasmine-core/jasmine.js:3872:10)
    at Spec.queueRunnerFactory (/usr/local/lib/node_modules/protractor/node_modules/jasmine-core/lib/jasmine-core/jasmine.js:816:35)
    at Spec.execute (/usr/local/lib/node_modules/protractor/node_modules/jasmine-core/lib/jasmine-core/jasmine.js:473:10)
    at Object.fn (/usr/local/lib/node_modules/protractor/node_modules/jasmine-core/lib/jasmine-core/jasmine.js:4975:37)
    at attemptAsync (/usr/local/lib/node_modules/protractor/node_modules/jasmine-core/lib/jasmine-core/jasmine.js:3945:24)
    at QueueRunner.run (/usr/local/lib/node_modules/protractor/node_modules/jasmine-core/lib/jasmine-core/jasmine.js:3884:9)
    at /usr/local/lib/node_modules/protractor/node_modules/jasmine-core/lib/jasmine-core/jasmine.js:3924:18
From asynchronous test: 
Error
    at Suite.describe (/Users/zac01/Documents/protractor/myswaastherp/Specs/signup-success.spec.js:552:5)
    at addSpecsToSuite (/usr/local/lib/node_modules/protractor/node_modules/jasmine-core/lib/jasmine-core/jasmine.js:994:25)
    at Env.describe (/usr/local/lib/node_modules/protractor/node_modules/jasmine-core/lib/jasmine-core/jasmine.js:961:7)
    at describe (/usr/local/lib/node_modules/protractor/node_modules/jasmine-core/lib/jasmine-core/jasmine.js:4031:18)
    at Object.&lt;anonymous&gt; (/Users/zac01/Documents/protractor/myswaastherp/Specs/signup-success.spec.js:546:1)
    at Module._compile (module.js:571:32)
    at Object.Module._extensions..js (module.js:580:10)
    at Module.load (module.js:488:32)
    at tryModuleLoad (module.js:447:12)</stack-trace>
			</failure>
		</test-case>
		<test-case start="1498721646147" stop="1498721646475" status="failed">
			<name>checks Profile Section</name>
			<title>checks Profile Section</title>
			<description></description>
			<labels>
			</labels>
			<parameters>
			</parameters>
			<steps>
			</steps>
			<attachments>
				<attachment title="Screenshot" source="2fe6fc39-c72d-4e40-8cb4-e804fb12c3c9-attachment.png" type="image/png" size="20504"/>
			</attachments>
			<failure>
				<message>Failed: No element found using locator: By(css selector, div.ui-g-12.ui-md-12.ui-lg-12.heading)</message>
				<stack-trace>NoSuchElementError: No element found using locator: By(css selector, div.ui-g-12.ui-md-12.ui-lg-12.heading)
    at elementArrayFinder.getWebElements.then (/usr/local/lib/node_modules/protractor/lib/element.ts:851:17)
    at ManagedPromise.invokeCallback_ (/usr/local/lib/node_modules/protractor/node_modules/selenium-webdriver/lib/promise.js:1366:14)
    at TaskQueue.execute_ (/usr/local/lib/node_modules/protractor/node_modules/selenium-webdriver/lib/promise.js:2970:14)
    at TaskQueue.executeNext_ (/usr/local/lib/node_modules/protractor/node_modules/selenium-webdriver/lib/promise.js:2953:27)
    at asyncRun (/usr/local/lib/node_modules/protractor/node_modules/selenium-webdriver/lib/promise.js:2813:27)
    at /usr/local/lib/node_modules/protractor/node_modules/selenium-webdriver/lib/promise.js:676:7
    at process._tickCallback (internal/process/next_tick.js:109:7)Error
    at ElementArrayFinder.applyAction_ (/usr/local/lib/node_modules/protractor/lib/element.ts:482:23)
    at ElementArrayFinder.(anonymous function).args [as isDisplayed] (/usr/local/lib/node_modules/protractor/lib/element.ts:96:21)
    at ElementFinder.(anonymous function).args [as isDisplayed] (/usr/local/lib/node_modules/protractor/lib/element.ts:873:14)
    at CheckDivsInPage.profileSectionDisplayed (/Users/zac01/Documents/protractor/myswaastherp/Profile/verifyProfileDetails.js:41:36)
    at Object.it (/Users/zac01/Documents/protractor/myswaastherp/Specs/signup-success.spec.js:557:18)
    at /usr/local/lib/node_modules/protractor/node_modules/jasminewd2/index.js:112:25
    at new ManagedPromise (/usr/local/lib/node_modules/protractor/node_modules/selenium-webdriver/lib/promise.js:1067:7)
    at ControlFlow.promise (/usr/local/lib/node_modules/protractor/node_modules/selenium-webdriver/lib/promise.js:2396:12)
    at schedulerExecute (/usr/local/lib/node_modules/protractor/node_modules/jasminewd2/index.js:95:18)
    at TaskQueue.execute_ (/usr/local/lib/node_modules/protractor/node_modules/selenium-webdriver/lib/promise.js:2970:14)
From: Task: Run it(&quot;checks Profile Section&quot;) in control flow
    at Object.&lt;anonymous&gt; (/usr/local/lib/node_modules/protractor/node_modules/jasminewd2/index.js:94:19)
    at attemptAsync (/usr/local/lib/node_modules/protractor/node_modules/jasmine-core/lib/jasmine-core/jasmine.js:3945:24)
    at QueueRunner.run (/usr/local/lib/node_modules/protractor/node_modules/jasmine-core/lib/jasmine-core/jasmine.js:3884:9)
    at QueueRunner.execute (/usr/local/lib/node_modules/protractor/node_modules/jasmine-core/lib/jasmine-core/jasmine.js:3872:10)
    at Spec.queueRunnerFactory (/usr/local/lib/node_modules/protractor/node_modules/jasmine-core/lib/jasmine-core/jasmine.js:816:35)
    at Spec.execute (/usr/local/lib/node_modules/protractor/node_modules/jasmine-core/lib/jasmine-core/jasmine.js:473:10)
    at Object.fn (/usr/local/lib/node_modules/protractor/node_modules/jasmine-core/lib/jasmine-core/jasmine.js:4975:37)
    at attemptAsync (/usr/local/lib/node_modules/protractor/node_modules/jasmine-core/lib/jasmine-core/jasmine.js:3945:24)
    at QueueRunner.run (/usr/local/lib/node_modules/protractor/node_modules/jasmine-core/lib/jasmine-core/jasmine.js:3884:9)
    at /usr/local/lib/node_modules/protractor/node_modules/jasmine-core/lib/jasmine-core/jasmine.js:3924:18
From asynchronous test: 
Error
    at Suite.describe (/Users/zac01/Documents/protractor/myswaastherp/Specs/signup-success.spec.js:556:5)
    at addSpecsToSuite (/usr/local/lib/node_modules/protractor/node_modules/jasmine-core/lib/jasmine-core/jasmine.js:994:25)
    at Env.describe (/usr/local/lib/node_modules/protractor/node_modules/jasmine-core/lib/jasmine-core/jasmine.js:961:7)
    at describe (/usr/local/lib/node_modules/protractor/node_modules/jasmine-core/lib/jasmine-core/jasmine.js:4031:18)
    at Object.&lt;anonymous&gt; (/Users/zac01/Documents/protractor/myswaastherp/Specs/signup-success.spec.js:546:1)
    at Module._compile (module.js:571:32)
    at Object.Module._extensions..js (module.js:580:10)
    at Module.load (module.js:488:32)
    at tryModuleLoad (module.js:447:12)</stack-trace>
			</failure>
		</test-case>
		<test-case start="1498721646475" stop="1498721646839" status="failed">
			<name>checks body container</name>
			<title>checks body container</title>
			<description></description>
			<labels>
			</labels>
			<parameters>
			</parameters>
			<steps>
			</steps>
			<attachments>
				<attachment title="Screenshot" source="736ce5d9-9e90-47e4-b2d7-302c2246c7cf-attachment.png" type="image/png" size="20489"/>
			</attachments>
			<failure>
				<message>Failed: No element found using locator: By(css selector, div.ui-g-12.body_container)</message>
				<stack-trace>NoSuchElementError: No element found using locator: By(css selector, div.ui-g-12.body_container)
    at elementArrayFinder.getWebElements.then (/usr/local/lib/node_modules/protractor/lib/element.ts:851:17)
    at ManagedPromise.invokeCallback_ (/usr/local/lib/node_modules/protractor/node_modules/selenium-webdriver/lib/promise.js:1366:14)
    at TaskQueue.execute_ (/usr/local/lib/node_modules/protractor/node_modules/selenium-webdriver/lib/promise.js:2970:14)
    at TaskQueue.executeNext_ (/usr/local/lib/node_modules/protractor/node_modules/selenium-webdriver/lib/promise.js:2953:27)
    at asyncRun (/usr/local/lib/node_modules/protractor/node_modules/selenium-webdriver/lib/promise.js:2813:27)
    at /usr/local/lib/node_modules/protractor/node_modules/selenium-webdriver/lib/promise.js:676:7
    at process._tickCallback (internal/process/next_tick.js:109:7)Error
    at ElementArrayFinder.applyAction_ (/usr/local/lib/node_modules/protractor/lib/element.ts:482:23)
    at ElementArrayFinder.(anonymous function).args [as isDisplayed] (/usr/local/lib/node_modules/protractor/lib/element.ts:96:21)
    at ElementFinder.(anonymous function).args [as isDisplayed] (/usr/local/lib/node_modules/protractor/lib/element.ts:873:14)
    at CheckDivsInPage.bodySectionDisplayed (/Users/zac01/Documents/protractor/myswaastherp/Profile/verifyProfileDetails.js:46:35)
    at Object.it (/Users/zac01/Documents/protractor/myswaastherp/Specs/signup-success.spec.js:561:18)
    at /usr/local/lib/node_modules/protractor/node_modules/jasminewd2/index.js:112:25
    at new ManagedPromise (/usr/local/lib/node_modules/protractor/node_modules/selenium-webdriver/lib/promise.js:1067:7)
    at ControlFlow.promise (/usr/local/lib/node_modules/protractor/node_modules/selenium-webdriver/lib/promise.js:2396:12)
    at schedulerExecute (/usr/local/lib/node_modules/protractor/node_modules/jasminewd2/index.js:95:18)
    at TaskQueue.execute_ (/usr/local/lib/node_modules/protractor/node_modules/selenium-webdriver/lib/promise.js:2970:14)
From: Task: Run it(&quot;checks body container&quot;) in control flow
    at Object.&lt;anonymous&gt; (/usr/local/lib/node_modules/protractor/node_modules/jasminewd2/index.js:94:19)
    at attemptAsync (/usr/local/lib/node_modules/protractor/node_modules/jasmine-core/lib/jasmine-core/jasmine.js:3945:24)
    at QueueRunner.run (/usr/local/lib/node_modules/protractor/node_modules/jasmine-core/lib/jasmine-core/jasmine.js:3884:9)
    at QueueRunner.execute (/usr/local/lib/node_modules/protractor/node_modules/jasmine-core/lib/jasmine-core/jasmine.js:3872:10)
    at Spec.queueRunnerFactory (/usr/local/lib/node_modules/protractor/node_modules/jasmine-core/lib/jasmine-core/jasmine.js:816:35)
    at Spec.execute (/usr/local/lib/node_modules/protractor/node_modules/jasmine-core/lib/jasmine-core/jasmine.js:473:10)
    at Object.fn (/usr/local/lib/node_modules/protractor/node_modules/jasmine-core/lib/jasmine-core/jasmine.js:4975:37)
    at attemptAsync (/usr/local/lib/node_modules/protractor/node_modules/jasmine-core/lib/jasmine-core/jasmine.js:3945:24)
    at QueueRunner.run (/usr/local/lib/node_modules/protractor/node_modules/jasmine-core/lib/jasmine-core/jasmine.js:3884:9)
    at /usr/local/lib/node_modules/protractor/node_modules/jasmine-core/lib/jasmine-core/jasmine.js:3924:18
From asynchronous test: 
Error
    at Suite.describe (/Users/zac01/Documents/protractor/myswaastherp/Specs/signup-success.spec.js:560:5)
    at addSpecsToSuite (/usr/local/lib/node_modules/protractor/node_modules/jasmine-core/lib/jasmine-core/jasmine.js:994:25)
    at Env.describe (/usr/local/lib/node_modules/protractor/node_modules/jasmine-core/lib/jasmine-core/jasmine.js:961:7)
    at describe (/usr/local/lib/node_modules/protractor/node_modules/jasmine-core/lib/jasmine-core/jasmine.js:4031:18)
    at Object.&lt;anonymous&gt; (/Users/zac01/Documents/protractor/myswaastherp/Specs/signup-success.spec.js:546:1)
    at Module._compile (module.js:571:32)
    at Object.Module._extensions..js (module.js:580:10)
    at Module.load (module.js:488:32)
    at tryModuleLoad (module.js:447:12)</stack-trace>
			</failure>
		</test-case>
		<test-case start="1498721646839" stop="1498721647140" status="failed">
			<name>checks that doctor name is in page source</name>
			<title>checks that doctor name is in page source</title>
			<description></description>
			<labels>
			</labels>
			<parameters>
			</parameters>
			<steps>
			</steps>
			<attachments>
				<attachment title="Screenshot" source="70f6d17c-9314-41be-9f71-a1d496f5b97f-attachment.png" type="image/png" size="20489"/>
			</attachments>
			<failure>
				<message>Expected &apos;&lt;!DOCTYPE html&gt;&lt;html xmlns=&quot;http://www.w3.org/1999/xhtml&quot; lang=&quot;en-us&quot;&gt;&lt;head&gt;
&lt;title&gt;Log in | MySwaasth Administration (Development Server)&lt;/title&gt;
&lt;link rel=&quot;stylesheet&quot; type=&quot;text/css&quot; href=&quot;/static/admin/css/base.css&quot; /&gt;
&lt;link rel=&quot;stylesheet&quot; type=&quot;text/css&quot; href=&quot;/static/admin/css/login.css&quot; /&gt;
&lt;meta name=&quot;robots&quot; content=&quot;NONE,NOARCHIVE&quot; /&gt;
&lt;/head&gt;
&lt;body class=&quot; login&quot; data-admin-utc-offset=&quot;19800&quot;&gt;
 
&lt;div id=&quot;container&quot;&gt;
 
&lt;div id=&quot;header&quot;&gt;
&lt;div id=&quot;branding&quot;&gt;
&lt;h1 id=&quot;site-name&quot;&gt;&lt;a href=&quot;/mahaflox/&quot;&gt;MySwaasth Administration (Development Server)&lt;/a&gt;&lt;/h1&gt;
&lt;/div&gt;
&lt;/div&gt;
 
 
&lt;div id=&quot;content&quot; class=&quot;colM&quot;&gt;
&lt;div id=&quot;content-main&quot;&gt;
&lt;form action=&quot;/mahaflox/login/?next=/mahaflox/facilities/main_facilities/&quot; method=&quot;post&quot; id=&quot;login-form&quot;&gt;&lt;input type=&quot;hidden&quot; name=&quot;csrfmiddlewaretoken&quot; value=&quot;fsn3Ccbxk8ZE7qt9Y5ykBvd4c6ktFVCdyFif5vVW7YaDyzxIXxr28nB0nTWXAYbw&quot; /&gt;
&lt;div class=&quot;form-row&quot;&gt;
&lt;label class=&quot;required&quot; for=&quot;id_username&quot;&gt;Email:&lt;/label&gt; &lt;input autofocus=&quot;&quot; id=&quot;id_username&quot; maxlength=&quot;254&quot; name=&quot;username&quot; type=&quot;text&quot; required=&quot;&quot; /&gt;
&lt;/div&gt;
&lt;div class=&quot;form-row&quot;&gt;
&lt;label class=&quot;required&quot; for=&quot;id_password&quot;&gt;Password:&lt;/label&gt; &lt;input id=&quot;id_password&quot; name=&quot;password&quot; type=&quot;password&quot; required=&quot;&quot; /&gt;
&lt;input type=&quot;hidden&quot; name=&quot;next&quot; value=&quot;/mahaflox/facilities/main_facilities/&quot; /&gt;
&lt;/div&gt;
&lt;div class=&quot;submit-row&quot;&gt;
&lt;label&gt; &lt;/label&gt;&lt;input type=&quot;submit&quot; value=&quot;Log in&quot; /&gt;
&lt;/div&gt;
&lt;/form&gt;
&lt;/div&gt;
&lt;br class=&quot;clear&quot; /&gt;
&lt;/div&gt;
 
&lt;div id=&quot;footer&quot;&gt;&lt;/div&gt;
&lt;/div&gt;
 


&lt;/body&gt;&lt;/html&gt;&apos; to contain &apos;Rahul Yadav&apos;.</message>
				<stack-trace>Error: Failed expectation
    at /Users/zac01/Documents/protractor/myswaastherp/Profile/verifyProfileDetails.js:55:28
    at ManagedPromise.invokeCallback_ (/usr/local/lib/node_modules/protractor/node_modules/selenium-webdriver/lib/promise.js:1366:14)
    at TaskQueue.execute_ (/usr/local/lib/node_modules/protractor/node_modules/selenium-webdriver/lib/promise.js:2970:14)
    at TaskQueue.executeNext_ (/usr/local/lib/node_modules/protractor/node_modules/selenium-webdriver/lib/promise.js:2953:27)
    at asyncRun (/usr/local/lib/node_modules/protractor/node_modules/selenium-webdriver/lib/promise.js:2813:27)
    at /usr/local/lib/node_modules/protractor/node_modules/selenium-webdriver/lib/promise.js:676:7
    at process._tickCallback (internal/process/next_tick.js:109:7)</stack-trace>
			</failure>
		</test-case>
		<test-case start="1498721647140" stop="1498721647430" status="failed">
			<name>checks that clinic name is in page source</name>
			<title>checks that clinic name is in page source</title>
			<description></description>
			<labels>
			</labels>
			<parameters>
			</parameters>
			<steps>
			</steps>
			<attachments>
				<attachment title="Screenshot" source="a5cac162-14e3-4811-a7bd-f3e83c78a6e2-attachment.png" type="image/png" size="20504"/>
			</attachments>
			<failure>
				<message>Expected &apos;&lt;!DOCTYPE html&gt;&lt;html xmlns=&quot;http://www.w3.org/1999/xhtml&quot; lang=&quot;en-us&quot;&gt;&lt;head&gt;
&lt;title&gt;Log in | MySwaasth Administration (Development Server)&lt;/title&gt;
&lt;link rel=&quot;stylesheet&quot; type=&quot;text/css&quot; href=&quot;/static/admin/css/base.css&quot; /&gt;
&lt;link rel=&quot;stylesheet&quot; type=&quot;text/css&quot; href=&quot;/static/admin/css/login.css&quot; /&gt;
&lt;meta name=&quot;robots&quot; content=&quot;NONE,NOARCHIVE&quot; /&gt;
&lt;/head&gt;
&lt;body class=&quot; login&quot; data-admin-utc-offset=&quot;19800&quot;&gt;
 
&lt;div id=&quot;container&quot;&gt;
 
&lt;div id=&quot;header&quot;&gt;
&lt;div id=&quot;branding&quot;&gt;
&lt;h1 id=&quot;site-name&quot;&gt;&lt;a href=&quot;/mahaflox/&quot;&gt;MySwaasth Administration (Development Server)&lt;/a&gt;&lt;/h1&gt;
&lt;/div&gt;
&lt;/div&gt;
 
 
&lt;div id=&quot;content&quot; class=&quot;colM&quot;&gt;
&lt;div id=&quot;content-main&quot;&gt;
&lt;form action=&quot;/mahaflox/login/?next=/mahaflox/facilities/main_facilities/&quot; method=&quot;post&quot; id=&quot;login-form&quot;&gt;&lt;input type=&quot;hidden&quot; name=&quot;csrfmiddlewaretoken&quot; value=&quot;fsn3Ccbxk8ZE7qt9Y5ykBvd4c6ktFVCdyFif5vVW7YaDyzxIXxr28nB0nTWXAYbw&quot; /&gt;
&lt;div class=&quot;form-row&quot;&gt;
&lt;label class=&quot;required&quot; for=&quot;id_username&quot;&gt;Email:&lt;/label&gt; &lt;input autofocus=&quot;&quot; id=&quot;id_username&quot; maxlength=&quot;254&quot; name=&quot;username&quot; type=&quot;text&quot; required=&quot;&quot; /&gt;
&lt;/div&gt;
&lt;div class=&quot;form-row&quot;&gt;
&lt;label class=&quot;required&quot; for=&quot;id_password&quot;&gt;Password:&lt;/label&gt; &lt;input id=&quot;id_password&quot; name=&quot;password&quot; type=&quot;password&quot; required=&quot;&quot; /&gt;
&lt;input type=&quot;hidden&quot; name=&quot;next&quot; value=&quot;/mahaflox/facilities/main_facilities/&quot; /&gt;
&lt;/div&gt;
&lt;div class=&quot;submit-row&quot;&gt;
&lt;label&gt; &lt;/label&gt;&lt;input type=&quot;submit&quot; value=&quot;Log in&quot; /&gt;
&lt;/div&gt;
&lt;/form&gt;
&lt;/div&gt;
&lt;br class=&quot;clear&quot; /&gt;
&lt;/div&gt;
 
&lt;div id=&quot;footer&quot;&gt;&lt;/div&gt;
&lt;/div&gt;
 


&lt;/body&gt;&lt;/html&gt;&apos; to contain &apos;SASNIAkT&apos;.</message>
				<stack-trace>Error: Failed expectation
    at /Users/zac01/Documents/protractor/myswaastherp/Profile/verifyProfileDetails.js:61:28
    at ManagedPromise.invokeCallback_ (/usr/local/lib/node_modules/protractor/node_modules/selenium-webdriver/lib/promise.js:1366:14)
    at TaskQueue.execute_ (/usr/local/lib/node_modules/protractor/node_modules/selenium-webdriver/lib/promise.js:2970:14)
    at TaskQueue.executeNext_ (/usr/local/lib/node_modules/protractor/node_modules/selenium-webdriver/lib/promise.js:2953:27)
    at asyncRun (/usr/local/lib/node_modules/protractor/node_modules/selenium-webdriver/lib/promise.js:2813:27)
    at /usr/local/lib/node_modules/protractor/node_modules/selenium-webdriver/lib/promise.js:676:7
    at process._tickCallback (internal/process/next_tick.js:109:7)</stack-trace>
			</failure>
		</test-case>
	</test-cases>
</ns2:test-suite>