<?xml version="1.0" encoding="UTF-8"?>
<ns2:test-suite xmlns:ns2="urn:model.allure.qatools.yandex.ru" start="1500997182588" stop="1500997184727">
	<name>Profile Smoke Tests</name>
	<title>Profile Smoke Tests</title>
	<test-cases>
		<test-case start="1500997182588" stop="1500997183621" status="failed">
			<name>checks the page url</name>
			<title>checks the page url</title>
			<description></description>
			<labels>
			</labels>
			<parameters>
			</parameters>
			<steps>
			</steps>
			<attachments>
			</attachments>
			<failure>
				<message>Failed: no such window: target window already closed
from unknown error: web view not found
  (Session info: chrome=61.0.3159.5)
  (Driver info: chromedriver=2.31.488774 (7e15618d1bf16df8bf0ecf2914ed1964a387ba0b),platform=Mac OS X 10.12.5 x86_64) (WARNING: The server did not provide any stacktrace information)
Command duration or timeout: 2 milliseconds
Build info: version: &apos;3.4.0&apos;, revision: &apos;unknown&apos;, time: &apos;unknown&apos;
System info: host: &apos;Rahuls-Air&apos;, ip: &apos;fe80:0:0:0:4da:1cda:3e46:388%en0&apos;, os.name: &apos;Mac OS X&apos;, os.arch: &apos;x86_64&apos;, os.version: &apos;10.12.5&apos;, java.version: &apos;1.8.0_111&apos;
Driver info: org.openqa.selenium.chrome.ChromeDriver
Capabilities [{applicationCacheEnabled=false, rotatable=false, mobileEmulationEnabled=false, networkConnectionEnabled=false, chrome={chromedriverVersion=2.31.488774 (7e15618d1bf16df8bf0ecf2914ed1964a387ba0b), userDataDir=/var/folders/cw/484mdg194s3_bs9d0hsxbgcm0000gn/T/.org.chromium.Chromium.bmXMcb}, takesHeapSnapshot=true, pageLoadStrategy=normal, databaseEnabled=false, handlesAlerts=true, hasTouchScreen=false, version=61.0.3159.5, platform=MAC, browserConnectionEnabled=false, nativeEvents=true, acceptSslCerts=true, locationContextEnabled=true, webStorageEnabled=true, browserName=chrome, takesScreenshot=true, javascriptEnabled=true, cssSelectorsEnabled=true, setWindowRect=true, unexpectedAlertBehaviour=}]
Session ID: b58b247ce8e22f61a21cf57c15052a60</message>
				<stack-trace>NoSuchWindowError: no such window: target window already closed
from unknown error: web view not found
  (Session info: chrome=61.0.3159.5)
  (Driver info: chromedriver=2.31.488774 (7e15618d1bf16df8bf0ecf2914ed1964a387ba0b),platform=Mac OS X 10.12.5 x86_64) (WARNING: The server did not provide any stacktrace information)
Command duration or timeout: 2 milliseconds
Build info: version: &apos;3.4.0&apos;, revision: &apos;unknown&apos;, time: &apos;unknown&apos;
System info: host: &apos;Rahuls-Air&apos;, ip: &apos;fe80:0:0:0:4da:1cda:3e46:388%en0&apos;, os.name: &apos;Mac OS X&apos;, os.arch: &apos;x86_64&apos;, os.version: &apos;10.12.5&apos;, java.version: &apos;1.8.0_111&apos;
Driver info: org.openqa.selenium.chrome.ChromeDriver
Capabilities [{applicationCacheEnabled=false, rotatable=false, mobileEmulationEnabled=false, networkConnectionEnabled=false, chrome={chromedriverVersion=2.31.488774 (7e15618d1bf16df8bf0ecf2914ed1964a387ba0b), userDataDir=/var/folders/cw/484mdg194s3_bs9d0hsxbgcm0000gn/T/.org.chromium.Chromium.bmXMcb}, takesHeapSnapshot=true, pageLoadStrategy=normal, databaseEnabled=false, handlesAlerts=true, hasTouchScreen=false, version=61.0.3159.5, platform=MAC, browserConnectionEnabled=false, nativeEvents=true, acceptSslCerts=true, locationContextEnabled=true, webStorageEnabled=true, browserName=chrome, takesScreenshot=true, javascriptEnabled=true, cssSelectorsEnabled=true, setWindowRect=true, unexpectedAlertBehaviour=}]
Session ID: b58b247ce8e22f61a21cf57c15052a60
    at Object.checkLegacyResponse (/usr/local/lib/node_modules/protractor/node_modules/selenium-webdriver/lib/error.js:505:15)
    at parseHttpResponse (/usr/local/lib/node_modules/protractor/node_modules/selenium-webdriver/lib/http.js:509:13)
    at doSend.then.response (/usr/local/lib/node_modules/protractor/node_modules/selenium-webdriver/lib/http.js:440:13)
    at process._tickCallback (internal/process/next_tick.js:109:7)
From: Task: WebDriver.getCurrentUrl()
    at thenableWebDriverProxy.schedule (/usr/local/lib/node_modules/protractor/node_modules/selenium-webdriver/lib/webdriver.js:816:17)
    at thenableWebDriverProxy.getCurrentUrl (/usr/local/lib/node_modules/protractor/node_modules/selenium-webdriver/lib/webdriver.js:1002:17)
    at run (/usr/local/lib/node_modules/protractor/lib/browser.ts:66:27)
    at ManagedPromise.invokeCallback_ (/usr/local/lib/node_modules/protractor/node_modules/selenium-webdriver/lib/promise.js:1366:14)
    at TaskQueue.execute_ (/usr/local/lib/node_modules/protractor/node_modules/selenium-webdriver/lib/promise.js:2970:14)
    at TaskQueue.executeNext_ (/usr/local/lib/node_modules/protractor/node_modules/selenium-webdriver/lib/promise.js:2953:27)
    at asyncRun (/usr/local/lib/node_modules/protractor/node_modules/selenium-webdriver/lib/promise.js:2813:27)
    at /usr/local/lib/node_modules/protractor/node_modules/selenium-webdriver/lib/promise.js:676:7
    at process._tickCallback (internal/process/next_tick.js:109:7)
From: Task: Run it(&quot;checks the page url&quot;) in control flow
    at Object.&lt;anonymous&gt; (/usr/local/lib/node_modules/protractor/node_modules/jasminewd2/index.js:94:19)
    at attemptAsync (/usr/local/lib/node_modules/protractor/node_modules/jasmine-core/lib/jasmine-core/jasmine.js:3945:24)
    at QueueRunner.run (/usr/local/lib/node_modules/protractor/node_modules/jasmine-core/lib/jasmine-core/jasmine.js:3884:9)
    at QueueRunner.execute (/usr/local/lib/node_modules/protractor/node_modules/jasmine-core/lib/jasmine-core/jasmine.js:3872:10)
    at Spec.queueRunnerFactory (/usr/local/lib/node_modules/protractor/node_modules/jasmine-core/lib/jasmine-core/jasmine.js:816:35)
    at Spec.execute (/usr/local/lib/node_modules/protractor/node_modules/jasmine-core/lib/jasmine-core/jasmine.js:473:10)
    at Object.fn (/usr/local/lib/node_modules/protractor/node_modules/jasmine-core/lib/jasmine-core/jasmine.js:4975:37)
    at attemptAsync (/usr/local/lib/node_modules/protractor/node_modules/jasmine-core/lib/jasmine-core/jasmine.js:3945:24)
    at QueueRunner.run (/usr/local/lib/node_modules/protractor/node_modules/jasmine-core/lib/jasmine-core/jasmine.js:3884:9)
    at QueueRunner.execute (/usr/local/lib/node_modules/protractor/node_modules/jasmine-core/lib/jasmine-core/jasmine.js:3872:10)
From asynchronous test: 
Error
    at Suite.describe (/Users/zac01/Documents/protractor/myswaastherp/Specs/signup-success.spec.js:558:5)
    at addSpecsToSuite (/usr/local/lib/node_modules/protractor/node_modules/jasmine-core/lib/jasmine-core/jasmine.js:994:25)
    at Env.describe (/usr/local/lib/node_modules/protractor/node_modules/jasmine-core/lib/jasmine-core/jasmine.js:961:7)
    at describe (/usr/local/lib/node_modules/protractor/node_modules/jasmine-core/lib/jasmine-core/jasmine.js:4031:18)
    at Object.&lt;anonymous&gt; (/Users/zac01/Documents/protractor/myswaastherp/Specs/signup-success.spec.js:556:1)
    at Module._compile (module.js:571:32)
    at Object.Module._extensions..js (module.js:580:10)
    at Module.load (module.js:488:32)
    at tryModuleLoad (module.js:447:12)</stack-trace>
			</failure>
		</test-case>
		<test-case start="1500997183622" stop="1500997184727" status="failed">
			<name>checks the Image loaded</name>
			<title>checks the Image loaded</title>
			<description></description>
			<labels>
			</labels>
			<parameters>
			</parameters>
			<steps>
			</steps>
			<attachments>
			</attachments>
			<failure>
				<message>Failed: no such window: target window already closed
from unknown error: web view not found
  (Session info: chrome=61.0.3159.5)
  (Driver info: chromedriver=2.31.488774 (7e15618d1bf16df8bf0ecf2914ed1964a387ba0b),platform=Mac OS X 10.12.5 x86_64) (WARNING: The server did not provide any stacktrace information)
Command duration or timeout: 2 milliseconds
Build info: version: &apos;3.4.0&apos;, revision: &apos;unknown&apos;, time: &apos;unknown&apos;
System info: host: &apos;Rahuls-Air&apos;, ip: &apos;fe80:0:0:0:4da:1cda:3e46:388%en0&apos;, os.name: &apos;Mac OS X&apos;, os.arch: &apos;x86_64&apos;, os.version: &apos;10.12.5&apos;, java.version: &apos;1.8.0_111&apos;
Driver info: org.openqa.selenium.chrome.ChromeDriver
Capabilities [{applicationCacheEnabled=false, rotatable=false, mobileEmulationEnabled=false, networkConnectionEnabled=false, chrome={chromedriverVersion=2.31.488774 (7e15618d1bf16df8bf0ecf2914ed1964a387ba0b), userDataDir=/var/folders/cw/484mdg194s3_bs9d0hsxbgcm0000gn/T/.org.chromium.Chromium.bmXMcb}, takesHeapSnapshot=true, pageLoadStrategy=normal, databaseEnabled=false, handlesAlerts=true, hasTouchScreen=false, version=61.0.3159.5, platform=MAC, browserConnectionEnabled=false, nativeEvents=true, acceptSslCerts=true, locationContextEnabled=true, webStorageEnabled=true, browserName=chrome, takesScreenshot=true, javascriptEnabled=true, cssSelectorsEnabled=true, setWindowRect=true, unexpectedAlertBehaviour=}]
Session ID: b58b247ce8e22f61a21cf57c15052a60</message>
				<stack-trace>NoSuchWindowError: no such window: target window already closed
from unknown error: web view not found
  (Session info: chrome=61.0.3159.5)
  (Driver info: chromedriver=2.31.488774 (7e15618d1bf16df8bf0ecf2914ed1964a387ba0b),platform=Mac OS X 10.12.5 x86_64) (WARNING: The server did not provide any stacktrace information)
Command duration or timeout: 2 milliseconds
Build info: version: &apos;3.4.0&apos;, revision: &apos;unknown&apos;, time: &apos;unknown&apos;
System info: host: &apos;Rahuls-Air&apos;, ip: &apos;fe80:0:0:0:4da:1cda:3e46:388%en0&apos;, os.name: &apos;Mac OS X&apos;, os.arch: &apos;x86_64&apos;, os.version: &apos;10.12.5&apos;, java.version: &apos;1.8.0_111&apos;
Driver info: org.openqa.selenium.chrome.ChromeDriver
Capabilities [{applicationCacheEnabled=false, rotatable=false, mobileEmulationEnabled=false, networkConnectionEnabled=false, chrome={chromedriverVersion=2.31.488774 (7e15618d1bf16df8bf0ecf2914ed1964a387ba0b), userDataDir=/var/folders/cw/484mdg194s3_bs9d0hsxbgcm0000gn/T/.org.chromium.Chromium.bmXMcb}, takesHeapSnapshot=true, pageLoadStrategy=normal, databaseEnabled=false, handlesAlerts=true, hasTouchScreen=false, version=61.0.3159.5, platform=MAC, browserConnectionEnabled=false, nativeEvents=true, acceptSslCerts=true, locationContextEnabled=true, webStorageEnabled=true, browserName=chrome, takesScreenshot=true, javascriptEnabled=true, cssSelectorsEnabled=true, setWindowRect=true, unexpectedAlertBehaviour=}]
Session ID: b58b247ce8e22f61a21cf57c15052a60
    at Object.checkLegacyResponse (/usr/local/lib/node_modules/protractor/node_modules/selenium-webdriver/lib/error.js:505:15)
    at parseHttpResponse (/usr/local/lib/node_modules/protractor/node_modules/selenium-webdriver/lib/http.js:509:13)
    at doSend.then.response (/usr/local/lib/node_modules/protractor/node_modules/selenium-webdriver/lib/http.js:440:13)
    at process._tickCallback (internal/process/next_tick.js:109:7)
From: Task: WebDriver.executeScript()
    at thenableWebDriverProxy.schedule (/usr/local/lib/node_modules/protractor/node_modules/selenium-webdriver/lib/webdriver.js:816:17)
    at thenableWebDriverProxy.executeAsyncScript (/usr/local/lib/node_modules/protractor/node_modules/selenium-webdriver/lib/webdriver.js:900:17)
    at run (/usr/local/lib/node_modules/protractor/lib/browser.ts:66:27)
    at ProtractorBrowser.to.(anonymous function) [as executeAsyncScript] (/usr/local/lib/node_modules/protractor/lib/browser.ts:74:12)
    at Object.ImageLoaded.checkforImageLoad (/Users/zac01/Documents/protractor/myswaastherp/BaseFunctionsPage/checkImageLoaded.js:7:13)
    at checkPageLoaded.checkImageLoading (/Users/zac01/Documents/protractor/myswaastherp/Profile/verifyProfileDetails.js:17:26)
    at Object.it (/Users/zac01/Documents/protractor/myswaastherp/Specs/signup-success.spec.js:563:18)
    at /usr/local/lib/node_modules/protractor/node_modules/jasminewd2/index.js:112:25
    at new ManagedPromise (/usr/local/lib/node_modules/protractor/node_modules/selenium-webdriver/lib/promise.js:1067:7)
    at ControlFlow.promise (/usr/local/lib/node_modules/protractor/node_modules/selenium-webdriver/lib/promise.js:2396:12)
From: Task: Run it(&quot;checks the Image loaded&quot;) in control flow
    at Object.&lt;anonymous&gt; (/usr/local/lib/node_modules/protractor/node_modules/jasminewd2/index.js:94:19)
    at attemptAsync (/usr/local/lib/node_modules/protractor/node_modules/jasmine-core/lib/jasmine-core/jasmine.js:3945:24)
    at QueueRunner.run (/usr/local/lib/node_modules/protractor/node_modules/jasmine-core/lib/jasmine-core/jasmine.js:3884:9)
    at QueueRunner.execute (/usr/local/lib/node_modules/protractor/node_modules/jasmine-core/lib/jasmine-core/jasmine.js:3872:10)
    at Spec.queueRunnerFactory (/usr/local/lib/node_modules/protractor/node_modules/jasmine-core/lib/jasmine-core/jasmine.js:816:35)
    at Spec.execute (/usr/local/lib/node_modules/protractor/node_modules/jasmine-core/lib/jasmine-core/jasmine.js:473:10)
    at Object.fn (/usr/local/lib/node_modules/protractor/node_modules/jasmine-core/lib/jasmine-core/jasmine.js:4975:37)
    at attemptAsync (/usr/local/lib/node_modules/protractor/node_modules/jasmine-core/lib/jasmine-core/jasmine.js:3945:24)
    at QueueRunner.run (/usr/local/lib/node_modules/protractor/node_modules/jasmine-core/lib/jasmine-core/jasmine.js:3884:9)
    at /usr/local/lib/node_modules/protractor/node_modules/jasmine-core/lib/jasmine-core/jasmine.js:3924:18
From asynchronous test: 
Error
    at Suite.describe (/Users/zac01/Documents/protractor/myswaastherp/Specs/signup-success.spec.js:562:5)
    at addSpecsToSuite (/usr/local/lib/node_modules/protractor/node_modules/jasmine-core/lib/jasmine-core/jasmine.js:994:25)
    at Env.describe (/usr/local/lib/node_modules/protractor/node_modules/jasmine-core/lib/jasmine-core/jasmine.js:961:7)
    at describe (/usr/local/lib/node_modules/protractor/node_modules/jasmine-core/lib/jasmine-core/jasmine.js:4031:18)
    at Object.&lt;anonymous&gt; (/Users/zac01/Documents/protractor/myswaastherp/Specs/signup-success.spec.js:556:1)
    at Module._compile (module.js:571:32)
    at Object.Module._extensions..js (module.js:580:10)
    at Module.load (module.js:488:32)
    at tryModuleLoad (module.js:447:12)</stack-trace>
			</failure>
		</test-case>
	</test-cases>
</ns2:test-suite>