<?xml version="1.0" encoding="UTF-8"?>
<ns2:test-suite xmlns:ns2="urn:model.allure.qatools.yandex.ru" start="1499087181370" stop="1499087182793">
	<name>Clinic Documents</name>
	<title>Clinic Documents</title>
	<test-cases>
		<test-case start="1499087181370" stop="1499087181862" status="failed">
			<name>clicks on Documents</name>
			<title>clicks on Documents</title>
			<description></description>
			<labels>
			</labels>
			<parameters>
			</parameters>
			<steps>
			</steps>
			<attachments>
				<attachment title="Screenshot" source="6b7d8791-bdb7-4e8c-8d93-c1ce09899855-attachment.png" type="image/png" size="279340"/>
			</attachments>
			<failure>
				<message>Failed: No element found using locator: By(css selector, ul.list)</message>
				<stack-trace>NoSuchElementError: No element found using locator: By(css selector, ul.list)
    at elementArrayFinder.getWebElements.then (/usr/local/lib/node_modules/protractor/lib/element.ts:851:17)
    at ManagedPromise.invokeCallback_ (/usr/local/lib/node_modules/protractor/node_modules/selenium-webdriver/lib/promise.js:1366:14)
    at TaskQueue.execute_ (/usr/local/lib/node_modules/protractor/node_modules/selenium-webdriver/lib/promise.js:2970:14)
    at TaskQueue.executeNext_ (/usr/local/lib/node_modules/protractor/node_modules/selenium-webdriver/lib/promise.js:2953:27)
    at asyncRun (/usr/local/lib/node_modules/protractor/node_modules/selenium-webdriver/lib/promise.js:2813:27)
    at /usr/local/lib/node_modules/protractor/node_modules/selenium-webdriver/lib/promise.js:676:7
    at process._tickCallback (internal/process/next_tick.js:109:7)Error
    at ElementArrayFinder.applyAction_ (/usr/local/lib/node_modules/protractor/lib/element.ts:482:23)
    at ElementArrayFinder.(anonymous function).args [as click] (/usr/local/lib/node_modules/protractor/lib/element.ts:96:21)
    at ElementFinder.(anonymous function).args [as click] (/usr/local/lib/node_modules/protractor/lib/element.ts:873:14)
    at ClinicDocuments.navigateLink (/Users/zac01/Documents/protractor/myswaastherp/Profile/verifyProfileDetails.js:179:51)
    at Object.it (/Users/zac01/Documents/protractor/myswaastherp/Specs/signup-success.spec.js:638:18)
    at /usr/local/lib/node_modules/protractor/node_modules/jasminewd2/index.js:112:25
    at new ManagedPromise (/usr/local/lib/node_modules/protractor/node_modules/selenium-webdriver/lib/promise.js:1067:7)
    at ControlFlow.promise (/usr/local/lib/node_modules/protractor/node_modules/selenium-webdriver/lib/promise.js:2396:12)
    at schedulerExecute (/usr/local/lib/node_modules/protractor/node_modules/jasminewd2/index.js:95:18)
    at TaskQueue.execute_ (/usr/local/lib/node_modules/protractor/node_modules/selenium-webdriver/lib/promise.js:2970:14)
From: Task: Run it(&quot;clicks on Documents&quot;) in control flow
    at Object.&lt;anonymous&gt; (/usr/local/lib/node_modules/protractor/node_modules/jasminewd2/index.js:94:19)
    at attemptAsync (/usr/local/lib/node_modules/protractor/node_modules/jasmine-core/lib/jasmine-core/jasmine.js:3945:24)
    at QueueRunner.run (/usr/local/lib/node_modules/protractor/node_modules/jasmine-core/lib/jasmine-core/jasmine.js:3884:9)
    at QueueRunner.execute (/usr/local/lib/node_modules/protractor/node_modules/jasmine-core/lib/jasmine-core/jasmine.js:3872:10)
    at Spec.queueRunnerFactory (/usr/local/lib/node_modules/protractor/node_modules/jasmine-core/lib/jasmine-core/jasmine.js:816:35)
    at Spec.execute (/usr/local/lib/node_modules/protractor/node_modules/jasmine-core/lib/jasmine-core/jasmine.js:473:10)
    at Object.fn (/usr/local/lib/node_modules/protractor/node_modules/jasmine-core/lib/jasmine-core/jasmine.js:4975:37)
    at attemptAsync (/usr/local/lib/node_modules/protractor/node_modules/jasmine-core/lib/jasmine-core/jasmine.js:3945:24)
    at QueueRunner.run (/usr/local/lib/node_modules/protractor/node_modules/jasmine-core/lib/jasmine-core/jasmine.js:3884:9)
    at QueueRunner.execute (/usr/local/lib/node_modules/protractor/node_modules/jasmine-core/lib/jasmine-core/jasmine.js:3872:10)
From asynchronous test: 
Error
    at Suite.describe (/Users/zac01/Documents/protractor/myswaastherp/Specs/signup-success.spec.js:637:5)
    at addSpecsToSuite (/usr/local/lib/node_modules/protractor/node_modules/jasmine-core/lib/jasmine-core/jasmine.js:994:25)
    at Env.describe (/usr/local/lib/node_modules/protractor/node_modules/jasmine-core/lib/jasmine-core/jasmine.js:961:7)
    at describe (/usr/local/lib/node_modules/protractor/node_modules/jasmine-core/lib/jasmine-core/jasmine.js:4031:18)
    at Object.&lt;anonymous&gt; (/Users/zac01/Documents/protractor/myswaastherp/Specs/signup-success.spec.js:635:1)
    at Module._compile (module.js:571:32)
    at Object.Module._extensions..js (module.js:580:10)
    at Module.load (module.js:488:32)
    at tryModuleLoad (module.js:447:12)</stack-trace>
			</failure>
		</test-case>
		<test-case start="1499087181862" stop="1499087182307" status="failed">
			<name>gets first document details</name>
			<title>gets first document details</title>
			<description></description>
			<labels>
			</labels>
			<parameters>
			</parameters>
			<steps>
			</steps>
			<attachments>
				<attachment title="Screenshot" source="1998244c-5542-4be9-9f81-3592a36890af-attachment.png" type="image/png" size="279340"/>
			</attachments>
			<failure>
				<message>Failed: SelectClinicDiv is not defined</message>
				<stack-trace>ReferenceError: SelectClinicDiv is not defined
    at ClinicDocuments.getFirstFileDetails (/Users/zac01/Documents/protractor/myswaastherp/Profile/verifyProfileDetails.js:189:11)
    at Object.it (/Users/zac01/Documents/protractor/myswaastherp/Specs/signup-success.spec.js:643:18)
    at /usr/local/lib/node_modules/protractor/node_modules/jasminewd2/index.js:112:25
    at new ManagedPromise (/usr/local/lib/node_modules/protractor/node_modules/selenium-webdriver/lib/promise.js:1067:7)
    at ControlFlow.promise (/usr/local/lib/node_modules/protractor/node_modules/selenium-webdriver/lib/promise.js:2396:12)
    at schedulerExecute (/usr/local/lib/node_modules/protractor/node_modules/jasminewd2/index.js:95:18)
    at TaskQueue.execute_ (/usr/local/lib/node_modules/protractor/node_modules/selenium-webdriver/lib/promise.js:2970:14)
    at TaskQueue.executeNext_ (/usr/local/lib/node_modules/protractor/node_modules/selenium-webdriver/lib/promise.js:2953:27)
    at asyncRun (/usr/local/lib/node_modules/protractor/node_modules/selenium-webdriver/lib/promise.js:2860:25)
    at /usr/local/lib/node_modules/protractor/node_modules/selenium-webdriver/lib/promise.js:676:7
From: Task: Run it(&quot;gets first document details&quot;) in control flow
    at Object.&lt;anonymous&gt; (/usr/local/lib/node_modules/protractor/node_modules/jasminewd2/index.js:94:19)
    at attemptAsync (/usr/local/lib/node_modules/protractor/node_modules/jasmine-core/lib/jasmine-core/jasmine.js:3945:24)
    at QueueRunner.run (/usr/local/lib/node_modules/protractor/node_modules/jasmine-core/lib/jasmine-core/jasmine.js:3884:9)
    at QueueRunner.execute (/usr/local/lib/node_modules/protractor/node_modules/jasmine-core/lib/jasmine-core/jasmine.js:3872:10)
    at Spec.queueRunnerFactory (/usr/local/lib/node_modules/protractor/node_modules/jasmine-core/lib/jasmine-core/jasmine.js:816:35)
    at Spec.execute (/usr/local/lib/node_modules/protractor/node_modules/jasmine-core/lib/jasmine-core/jasmine.js:473:10)
    at Object.fn (/usr/local/lib/node_modules/protractor/node_modules/jasmine-core/lib/jasmine-core/jasmine.js:4975:37)
    at attemptAsync (/usr/local/lib/node_modules/protractor/node_modules/jasmine-core/lib/jasmine-core/jasmine.js:3945:24)
    at QueueRunner.run (/usr/local/lib/node_modules/protractor/node_modules/jasmine-core/lib/jasmine-core/jasmine.js:3884:9)
    at /usr/local/lib/node_modules/protractor/node_modules/jasmine-core/lib/jasmine-core/jasmine.js:3924:18
From asynchronous test: 
Error
    at Suite.describe (/Users/zac01/Documents/protractor/myswaastherp/Specs/signup-success.spec.js:642:5)
    at addSpecsToSuite (/usr/local/lib/node_modules/protractor/node_modules/jasmine-core/lib/jasmine-core/jasmine.js:994:25)
    at Env.describe (/usr/local/lib/node_modules/protractor/node_modules/jasmine-core/lib/jasmine-core/jasmine.js:961:7)
    at describe (/usr/local/lib/node_modules/protractor/node_modules/jasmine-core/lib/jasmine-core/jasmine.js:4031:18)
    at Object.&lt;anonymous&gt; (/Users/zac01/Documents/protractor/myswaastherp/Specs/signup-success.spec.js:635:1)
    at Module._compile (module.js:571:32)
    at Object.Module._extensions..js (module.js:580:10)
    at Module.load (module.js:488:32)
    at tryModuleLoad (module.js:447:12)</stack-trace>
			</failure>
		</test-case>
		<test-case start="1499087182307" stop="1499087182793" status="failed">
			<name>gets second document details</name>
			<title>gets second document details</title>
			<description></description>
			<labels>
			</labels>
			<parameters>
			</parameters>
			<steps>
			</steps>
			<attachments>
				<attachment title="Screenshot" source="c6a1fc66-a1cb-43b6-96ed-d3240f902a62-attachment.png" type="image/png" size="279340"/>
			</attachments>
			<failure>
				<message>Failed: SelectClinicDiv is not defined</message>
				<stack-trace>ReferenceError: SelectClinicDiv is not defined
    at ClinicDocuments.getThirdFileDetails (/Users/zac01/Documents/protractor/myswaastherp/Profile/verifyProfileDetails.js:209:10)
    at Object.it (/Users/zac01/Documents/protractor/myswaastherp/Specs/signup-success.spec.js:648:18)
    at /usr/local/lib/node_modules/protractor/node_modules/jasminewd2/index.js:112:25
    at new ManagedPromise (/usr/local/lib/node_modules/protractor/node_modules/selenium-webdriver/lib/promise.js:1067:7)
    at ControlFlow.promise (/usr/local/lib/node_modules/protractor/node_modules/selenium-webdriver/lib/promise.js:2396:12)
    at schedulerExecute (/usr/local/lib/node_modules/protractor/node_modules/jasminewd2/index.js:95:18)
    at TaskQueue.execute_ (/usr/local/lib/node_modules/protractor/node_modules/selenium-webdriver/lib/promise.js:2970:14)
    at TaskQueue.executeNext_ (/usr/local/lib/node_modules/protractor/node_modules/selenium-webdriver/lib/promise.js:2953:27)
    at asyncRun (/usr/local/lib/node_modules/protractor/node_modules/selenium-webdriver/lib/promise.js:2860:25)
    at /usr/local/lib/node_modules/protractor/node_modules/selenium-webdriver/lib/promise.js:676:7
From: Task: Run it(&quot;gets second document details&quot;) in control flow
    at Object.&lt;anonymous&gt; (/usr/local/lib/node_modules/protractor/node_modules/jasminewd2/index.js:94:19)
    at attemptAsync (/usr/local/lib/node_modules/protractor/node_modules/jasmine-core/lib/jasmine-core/jasmine.js:3945:24)
    at QueueRunner.run (/usr/local/lib/node_modules/protractor/node_modules/jasmine-core/lib/jasmine-core/jasmine.js:3884:9)
    at QueueRunner.execute (/usr/local/lib/node_modules/protractor/node_modules/jasmine-core/lib/jasmine-core/jasmine.js:3872:10)
    at Spec.queueRunnerFactory (/usr/local/lib/node_modules/protractor/node_modules/jasmine-core/lib/jasmine-core/jasmine.js:816:35)
    at Spec.execute (/usr/local/lib/node_modules/protractor/node_modules/jasmine-core/lib/jasmine-core/jasmine.js:473:10)
    at Object.fn (/usr/local/lib/node_modules/protractor/node_modules/jasmine-core/lib/jasmine-core/jasmine.js:4975:37)
    at attemptAsync (/usr/local/lib/node_modules/protractor/node_modules/jasmine-core/lib/jasmine-core/jasmine.js:3945:24)
    at QueueRunner.run (/usr/local/lib/node_modules/protractor/node_modules/jasmine-core/lib/jasmine-core/jasmine.js:3884:9)
    at /usr/local/lib/node_modules/protractor/node_modules/jasmine-core/lib/jasmine-core/jasmine.js:3924:18
From asynchronous test: 
Error
    at Suite.describe (/Users/zac01/Documents/protractor/myswaastherp/Specs/signup-success.spec.js:647:5)
    at addSpecsToSuite (/usr/local/lib/node_modules/protractor/node_modules/jasmine-core/lib/jasmine-core/jasmine.js:994:25)
    at Env.describe (/usr/local/lib/node_modules/protractor/node_modules/jasmine-core/lib/jasmine-core/jasmine.js:961:7)
    at describe (/usr/local/lib/node_modules/protractor/node_modules/jasmine-core/lib/jasmine-core/jasmine.js:4031:18)
    at Object.&lt;anonymous&gt; (/Users/zac01/Documents/protractor/myswaastherp/Specs/signup-success.spec.js:635:1)
    at Module._compile (module.js:571:32)
    at Object.Module._extensions..js (module.js:580:10)
    at Module.load (module.js:488:32)
    at tryModuleLoad (module.js:447:12)</stack-trace>
			</failure>
		</test-case>
	</test-cases>
</ns2:test-suite>