{
  "defectsList" : [ {
    "title" : "Product defects",
    "status" : "FAILED",
    "defects" : [ {
      "uid" : "80a24fb78d6902a4",
      "failure" : {
        "message" : "Failed: Got http.get error: connect ECONNREFUSED 127.0.0.1:80",
        "stackTrace" : "Error: Failed: Got http.get error: connect ECONNREFUSED 127.0.0.1:80\n    at stack (/usr/local/lib/node_modules/protractor/node_modules/jasmine-core/lib/jasmine-core/jasmine.js:2155:17)\n    at buildExpectationResult (/usr/local/lib/node_modules/protractor/node_modules/jasmine-core/lib/jasmine-core/jasmine.js:2125:14)\n    at Spec.expectationResultFactory (/usr/local/lib/node_modules/protractor/node_modules/jasmine-core/lib/jasmine-core/jasmine.js:766:18)\n    at Spec.addExpectationResult (/usr/local/lib/node_modules/protractor/node_modules/jasmine-core/lib/jasmine-core/jasmine.js:444:34)\n    at Env.fail (/usr/local/lib/node_modules/protractor/node_modules/jasmine-core/lib/jasmine-core/jasmine.js:1172:25)\n    at Function.next.fail (/usr/local/lib/node_modules/protractor/node_modules/jasmine-core/lib/jasmine-core/jasmine.js:3899:19)\n    at /usr/local/lib/node_modules/protractor/node_modules/jasminewd2/index.js:64:48\n    at ControlFlow.emit (/usr/local/lib/node_modules/protractor/node_modules/selenium-webdriver/lib/events.js:62:21)\n    at ControlFlow.shutdown_ (/usr/local/lib/node_modules/protractor/node_modules/selenium-webdriver/lib/promise.js:2565:10)\n    at shutdownTask_.MicroTask (/usr/local/lib/node_modules/protractor/node_modules/selenium-webdriver/lib/promise.js:2490:53)"
      },
      "testCases" : [ {
        "uid" : "cfba9f701816f17",
        "name" : "checks the HTTP Code returned",
        "title" : "checks the HTTP Code returned",
        "time" : {
          "start" : 1497380558123,
          "stop" : 1497380558461,
          "duration" : 338
        },
        "severity" : "NORMAL",
        "status" : "FAILED"
      } ]
    }, {
      "uid" : "b0890525b2c88a46",
      "failure" : {
        "message" : "Failed: No element found using locator: By(css selector, [ng-reflect-name=\"email\"])",
        "stackTrace" : "NoSuchElementError: No element found using locator: By(css selector, [ng-reflect-name=\"email\"])\n    at elementArrayFinder.getWebElements.then (/usr/local/lib/node_modules/protractor/lib/element.ts:851:17)\n    at ManagedPromise.invokeCallback_ (/usr/local/lib/node_modules/protractor/node_modules/selenium-webdriver/lib/promise.js:1366:14)\n    at TaskQueue.execute_ (/usr/local/lib/node_modules/protractor/node_modules/selenium-webdriver/lib/promise.js:2970:14)\n    at TaskQueue.executeNext_ (/usr/local/lib/node_modules/protractor/node_modules/selenium-webdriver/lib/promise.js:2953:27)\n    at asyncRun (/usr/local/lib/node_modules/protractor/node_modules/selenium-webdriver/lib/promise.js:2813:27)\n    at /usr/local/lib/node_modules/protractor/node_modules/selenium-webdriver/lib/promise.js:676:7\n    at process._tickCallback (internal/process/next_tick.js:109:7)Error\n    at ElementArrayFinder.applyAction_ (/usr/local/lib/node_modules/protractor/lib/element.ts:482:23)\n    at ElementArrayFinder.(anonymous function).args [as sendKeys] (/usr/local/lib/node_modules/protractor/lib/element.ts:96:21)\n    at ElementFinder.(anonymous function).args [as sendKeys] (/usr/local/lib/node_modules/protractor/lib/element.ts:873:14)\n    at setStaffEmail (/Users/zac01/Documents/protractor/myswaastherp/AddStaff/addStaff.js:76:55)\n    at Object.it (/Users/zac01/Documents/protractor/myswaastherp/Specs/signup-success.spec.js:495:23)\n    at /usr/local/lib/node_modules/protractor/node_modules/jasminewd2/index.js:112:25\n    at new ManagedPromise (/usr/local/lib/node_modules/protractor/node_modules/selenium-webdriver/lib/promise.js:1067:7)\n    at ControlFlow.promise (/usr/local/lib/node_modules/protractor/node_modules/selenium-webdriver/lib/promise.js:2396:12)\n    at schedulerExecute (/usr/local/lib/node_modules/protractor/node_modules/jasminewd2/index.js:95:18)\n    at TaskQueue.execute_ (/usr/local/lib/node_modules/protractor/node_modules/selenium-webdriver/lib/promise.js:2970:14)\nFrom: Task: Run it(\"setting staff details with name and other details\") in control flow\n    at Object.<anonymous> (/usr/local/lib/node_modules/protractor/node_modules/jasminewd2/index.js:94:19)\n    at attemptAsync (/usr/local/lib/node_modules/protractor/node_modules/jasmine-core/lib/jasmine-core/jasmine.js:3914:24)\n    at QueueRunner.run (/usr/local/lib/node_modules/protractor/node_modules/jasmine-core/lib/jasmine-core/jasmine.js:3863:9)\n    at QueueRunner.execute (/usr/local/lib/node_modules/protractor/node_modules/jasmine-core/lib/jasmine-core/jasmine.js:3851:10)\n    at Spec.queueRunnerFactory (/usr/local/lib/node_modules/protractor/node_modules/jasmine-core/lib/jasmine-core/jasmine.js:816:35)\n    at Spec.execute (/usr/local/lib/node_modules/protractor/node_modules/jasmine-core/lib/jasmine-core/jasmine.js:473:10)\n    at Object.fn (/usr/local/lib/node_modules/protractor/node_modules/jasmine-core/lib/jasmine-core/jasmine.js:4943:37)\n    at attemptAsync (/usr/local/lib/node_modules/protractor/node_modules/jasmine-core/lib/jasmine-core/jasmine.js:3914:24)\n    at QueueRunner.run (/usr/local/lib/node_modules/protractor/node_modules/jasmine-core/lib/jasmine-core/jasmine.js:3863:9)\n    at QueueRunner.execute (/usr/local/lib/node_modules/protractor/node_modules/jasmine-core/lib/jasmine-core/jasmine.js:3851:10)\nFrom asynchronous test: \nError\n    at Suite.describe (/Users/zac01/Documents/protractor/myswaastherp/Specs/signup-success.spec.js:492:5)\n    at addSpecsToSuite (/usr/local/lib/node_modules/protractor/node_modules/jasmine-core/lib/jasmine-core/jasmine.js:994:25)\n    at Env.describe (/usr/local/lib/node_modules/protractor/node_modules/jasmine-core/lib/jasmine-core/jasmine.js:961:7)\n    at describe (/usr/local/lib/node_modules/protractor/node_modules/jasmine-core/lib/jasmine-core/jasmine.js:3999:18)\n    at Object.<anonymous> (/Users/zac01/Documents/protractor/myswaastherp/Specs/signup-success.spec.js:491:1)\n    at Module._compile (module.js:571:32)\n    at Object.Module._extensions..js (module.js:580:10)\n    at Module.load (module.js:488:32)\n    at tryModuleLoad (module.js:447:12)"
      },
      "testCases" : [ {
        "uid" : "a8e323521061bfa5",
        "name" : "setting staff details with name and other details",
        "title" : "setting staff details with name and other details",
        "time" : {
          "start" : 1497380528740,
          "stop" : 1497380534460,
          "duration" : 5720
        },
        "severity" : "NORMAL",
        "status" : "FAILED"
      } ]
    } ]
  }, {
    "title" : "Test defects",
    "status" : "BROKEN",
    "defects" : [ ]
  } ]
}